# JRE version: Java(TM) SE Runtime Environment (8.0_201-b09) (build 1.8.0_201-b09)
# Java VM: Java HotSpot(TM) 64-Bit Server VM (25.201-b09 mixed mode linux-amd64 compressed oops)
Heap:
 PSYoungGen      total 188928K, used 15352K [0x00000000d8500000, 0x00000000e4c80000, 0x0000000100000000)
  eden space 173568K, 0% used [0x00000000d8500000,0x00000000d8500000,0x00000000e2e80000)
  from space 15360K, 99% used [0x00000000e2e80000,0x00000000e3d7e290,0x00000000e3d80000)
  to   space 13824K, 0% used [0x00000000e3f00000,0x00000000e3f00000,0x00000000e4c80000)
 ParOldGen       total 78848K, used 17274K [0x0000000088e00000, 0x000000008db00000, 0x00000000d8500000)
  object space 78848K, 21% used [0x0000000088e00000,0x0000000089ede850,0x000000008db00000)
 Metaspace       used 52166K, capacity 55002K, committed 55208K, reserved 1097728K
  class space    used 7271K, capacity 7771K, committed 7848K, reserved 1048576K
GC Heap History (10 events):
Event: 4.125 GC heap after
Heap after GC invocations=8 (full 1):
 PSYoungGen      total 125952K, used 9076K [0x00000000d8500000, 0x00000000e1380000, 0x0000000100000000)
  eden space 116736K, 0% used [0x00000000d8500000,0x00000000d8500000,0x00000000df700000)
  from space 9216K, 98% used [0x00000000df700000,0x00000000dffdd148,0x00000000e0000000)
  to   space 10240K, 0% used [0x00000000e0980000,0x00000000e0980000,0x00000000e1380000)
 ParOldGen       total 57344K, used 7201K [0x0000000088e00000, 0x000000008c600000, 0x00000000d8500000)
  object space 57344K, 12% used [0x0000000088e00000,0x00000000895086d8,0x000000008c600000)
 Metaspace       used 26550K, capacity 27660K, committed 27776K, reserved 1073152K
  class space    used 3587K, capacity 3873K, committed 3968K, reserved 1048576K
}
Event: 5.350 GC heap before
{Heap before GC invocations=9 (full 1):
 PSYoungGen      total 125952K, used 125812K [0x00000000d8500000, 0x00000000e1380000, 0x0000000100000000)
  eden space 116736K, 100% used [0x00000000d8500000,0x00000000df700000,0x00000000df700000)
  from space 9216K, 98% used [0x00000000df700000,0x00000000dffdd148,0x00000000e0000000)
  to   space 10240K, 0% used [0x00000000e0980000,0x00000000e0980000,0x00000000e1380000)
 ParOldGen       total 57344K, used 7201K [0x0000000088e00000, 0x000000008c600000, 0x00000000d8500000)
  object space 57344K, 12% used [0x0000000088e00000,0x00000000895086d8,0x000000008c600000)
 Metaspace       used 33721K, capacity 35406K, committed 35456K, reserved 1079296K
  class space    used 4420K, capacity 4730K, committed 4736K, reserved 1048576K
Event: 5.385 GC heap after
Heap after GC invocations=9 (full 1):
 PSYoungGen      total 132096K, used 10223K [0x00000000d8500000, 0x00000000e4000000, 0x0000000100000000)
  eden space 121856K, 0% used [0x00000000d8500000,0x00000000d8500000,0x00000000dfc00000)
  from space 10240K, 99% used [0x00000000e0980000,0x00000000e137be10,0x00000000e1380000)
  to   space 13824K, 0% used [0x00000000dfc00000,0x00000000dfc00000,0x00000000e0980000)
 ParOldGen       total 57344K, used 11939K [0x0000000088e00000, 0x000000008c600000, 0x00000000d8500000)
  object space 57344K, 20% used [0x0000000088e00000,0x00000000899a8ea8,0x000000008c600000)
 Metaspace       used 33721K, capacity 35406K, committed 35456K, reserved 1079296K
  class space    used 4420K, capacity 4730K, committed 4736K, reserved 1048576K
}
Event: 5.418 GC heap before
{Heap before GC invocations=10 (full 1):
 PSYoungGen      total 132096K, used 15958K [0x00000000d8500000, 0x00000000e4000000, 0x0000000100000000)
  eden space 121856K, 4% used [0x00000000d8500000,0x00000000d8a99bb0,0x00000000dfc00000)
  from space 10240K, 99% used [0x00000000e0980000,0x00000000e137be10,0x00000000e1380000)
  to   space 13824K, 0% used [0x00000000dfc00000,0x00000000dfc00000,0x00000000e0980000)
 ParOldGen       total 57344K, used 11939K [0x0000000088e00000, 0x000000008c600000, 0x00000000d8500000)
  object space 57344K, 20% used [0x0000000088e00000,0x00000000899a8ea8,0x000000008c600000)
 Metaspace       used 33773K, capacity 35440K, committed 35496K, reserved 1079296K
  class space    used 4429K, capacity 4763K, committed 4776K, reserved 1048576K
Event: 5.439 GC heap after
Heap after GC invocations=10 (full 1):
 PSYoungGen      total 135680K, used 10239K [0x00000000d8500000, 0x00000000e4d00000, 0x0000000100000000)
  eden space 121856K, 0% used [0x00000000d8500000,0x00000000d8500000,0x00000000dfc00000)
  from space 13824K, 74% used [0x00000000dfc00000,0x00000000e05ffe00,0x00000000e0980000)
  to   space 14336K, 0% used [0x00000000e3f00000,0x00000000e3f00000,0x00000000e4d00000)
 ParOldGen       total 57344K, used 11947K [0x0000000088e00000, 0x000000008c600000, 0x00000000d8500000)
  object space 57344K, 20% used [0x0000000088e00000,0x00000000899aaea8,0x000000008c600000)
 Metaspace       used 33773K, capacity 35440K, committed 35496K, reserved 1079296K
  class space    used 4429K, capacity 4763K, committed 4776K, reserved 1048576K
}
Event: 5.439 GC heap before
{Heap before GC invocations=11 (full 2):
 PSYoungGen      total 135680K, used 10239K [0x00000000d8500000, 0x00000000e4d00000, 0x0000000100000000)
  eden space 121856K, 0% used [0x00000000d8500000,0x00000000d8500000,0x00000000dfc00000)
  from space 13824K, 74% used [0x00000000dfc00000,0x00000000e05ffe00,0x00000000e0980000)
  to   space 14336K, 0% used [0x00000000e3f00000,0x00000000e3f00000,0x00000000e4d00000)
 ParOldGen       total 57344K, used 11947K [0x0000000088e00000, 0x000000008c600000, 0x00000000d8500000)
  object space 57344K, 20% used [0x0000000088e00000,0x00000000899aaea8,0x000000008c600000)
 Metaspace       used 33773K, capacity 35440K, committed 35496K, reserved 1079296K
  class space    used 4429K, capacity 4763K, committed 4776K, reserved 1048576K
Event: 5.558 GC heap after
Heap after GC invocations=11 (full 2):
 PSYoungGen      total 135680K, used 0K [0x00000000d8500000, 0x00000000e4d00000, 0x0000000100000000)
  eden space 121856K, 0% used [0x00000000d8500000,0x00000000d8500000,0x00000000dfc00000)
  from space 13824K, 0% used [0x00000000dfc00000,0x00000000dfc00000,0x00000000e0980000)
  to   space 14336K, 0% used [0x00000000e3f00000,0x00000000e3f00000,0x00000000e4d00000)
 ParOldGen       total 78848K, used 15716K [0x0000000088e00000, 0x000000008db00000, 0x00000000d8500000)
  object space 78848K, 19% used [0x0000000088e00000,0x0000000089d593f8,0x000000008db00000)
 Metaspace       used 33773K, capacity 35440K, committed 35496K, reserved 1079296K
  class space    used 4429K, capacity 4763K, committed 4776K, reserved 1048576K
}
Event: 6.809 GC heap before
{Heap before GC invocations=12 (full 2):
 PSYoungGen      total 135680K, used 121856K [0x00000000d8500000, 0x00000000e4d00000, 0x0000000100000000)
  eden space 121856K, 100% used [0x00000000d8500000,0x00000000dfc00000,0x00000000dfc00000)
  from space 13824K, 0% used [0x00000000dfc00000,0x00000000dfc00000,0x00000000e0980000)
  to   space 14336K, 0% used [0x00000000e3f00000,0x00000000e3f00000,0x00000000e4d00000)
 ParOldGen       total 78848K, used 15716K [0x0000000088e00000, 0x000000008db00000, 0x00000000d8500000)
  object space 78848K, 19% used [0x0000000088e00000,0x0000000089d593f8,0x000000008db00000)
 Metaspace       used 43326K, capacity 45166K, committed 45352K, reserved 1087488K
  class space    used 6037K, capacity 6390K, committed 6440K, reserved 1048576K
Event: 6.824 GC heap after
Heap after GC invocations=12 (full 2):
 PSYoungGen      total 187392K, used 12139K [0x00000000d8500000, 0x00000000e4c80000, 0x0000000100000000)
  eden space 173568K, 0% used [0x00000000d8500000,0x00000000d8500000,0x00000000e2e80000)
  from space 13824K, 87% used [0x00000000e3f00000,0x00000000e4adaff8,0x00000000e4c80000)
  to   space 15360K, 0% used [0x00000000e2e80000,0x00000000e2e80000,0x00000000e3d80000)
 ParOldGen       total 78848K, used 15724K [0x0000000088e00000, 0x000000008db00000, 0x00000000d8500000)
  object space 78848K, 19% used [0x0000000088e00000,0x0000000089d5b3f8,0x000000008db00000)
 Metaspace       used 43326K, capacity 45166K, committed 45352K, reserved 1087488K
  class space    used 6037K, capacity 6390K, committed 6440K, reserved 1048576K
}
Event: 10.539 GC heap before
{Heap before GC invocations=13 (full 2):
 PSYoungGen      total 187392K, used 185707K [0x00000000d8500000, 0x00000000e4c80000, 0x0000000100000000)
  eden space 173568K, 100% used [0x00000000d8500000,0x00000000e2e80000,0x00000000e2e80000)
  from space 13824K, 87% used [0x00000000e3f00000,0x00000000e4adaff8,0x00000000e4c80000)
  to   space 15360K, 0% used [0x00000000e2e80000,0x00000000e2e80000,0x00000000e3d80000)
 ParOldGen       total 78848K, used 15724K [0x0000000088e00000, 0x000000008db00000, 0x00000000d8500000)
  object space 78848K, 19% used [0x0000000088e00000,0x0000000089d5b3f8,0x000000008db00000)
 Metaspace       used 52166K, capacity 55002K, committed 55208K, reserved 1097728K
  class space    used 7271K, capacity 7771K, committed 7848K, reserved 1048576K

